2024-04-06 22:07:56,044 [    INFO] -------------------------------검색 OK 1, 방서동 중흥S-클래스더퍼스트
2024-04-06 22:07:57,208 [    INFO] 4 realFloor/totalFloor 3 , 28
2024-04-06 22:07:57,217 [    INFO] 6 Gpyung/Jpyung 33 , 25
2024-04-06 22:07:57,226 [    INFO] pasprice     2 3억500 , 5
2024-04-06 22:07:57,226 [    INFO] pasprice     5 30500  
2024-04-06 22:07:57,227 [    INFO]  1 , JEONSAE--------- atp_nm j_Or_m , dong, realFloor  ,Gpyung ,way,MJprice: 방서동 중흥S-클래스더퍼스트 ,전세,중흥S-클래스더퍼스트 122동,3층,33,남서향,30500
2024-04-06 22:07:57,332 [    INFO] 4 realFloor/totalFloor 4 , 27
2024-04-06 22:07:57,338 [    INFO] 6 Gpyung/Jpyung 33 , 25
2024-04-06 22:07:57,343 [    INFO] pasprice     1 3억1,000 , 3
2024-04-06 22:07:57,344 [    INFO]  2 , JEONSAE--------- atp_nm j_Or_m , dong, realFloor  ,Gpyung ,way,MJprice: 방서동 중흥S-클래스더퍼스트 ,전세,중흥S-클래스더퍼스트 106동,4층,33,남동향,31000
2024-04-06 22:07:57,431 [    INFO] 5 realFloor/totalFloor 24 , 24
2024-04-06 22:07:57,432 [    INFO] 5 realFloor/totalFloor top , 24
2024-04-06 22:07:57,438 [    INFO] 6 Gpyung/Jpyung 33 , 25
2024-04-06 22:07:57,443 [    INFO] pasprice     1 3억2,000 , 3
2024-04-06 22:07:57,443 [    INFO]  3 , JEONSAE--------- atp_nm j_Or_m , dong, realFloor  ,Gpyung ,way,MJprice: 방서동 중흥S-클래스더퍼스트 ,전세,중흥S-클래스더퍼스트 117동,top층,33,남향,32000
2024-04-06 22:07:57,532 [    INFO] 4 realFloor/totalFloor 저 , 21
2024-04-06 22:07:57,538 [    INFO] 6 Gpyung/Jpyung 33 , 25
2024-04-06 22:07:57,543 [    INFO] pasprice     1 3억3,000 , 3
2024-04-06 22:07:57,544 [    INFO]  4 , JEONSAE--------- atp_nm j_Or_m , dong, realFloor  ,Gpyung ,way,MJprice: 방서동 중흥S-클래스더퍼스트 ,전세,중흥S-클래스더퍼스트 105동,저층,33,남향,33000
2024-04-06 22:07:57,643 [    INFO] 5 realFloor/totalFloor 10 , 29
2024-04-06 22:07:57,649 [    INFO] 6 Gpyung/Jpyung 33 , 25
2024-04-06 22:07:57,655 [    INFO] pasprice     1 3억5,000 , 3
2024-04-06 22:07:57,655 [    INFO]  5 , JEONSAE--------- atp_nm j_Or_m , dong, realFloor  ,Gpyung ,way,MJprice: 방서동 중흥S-클래스더퍼스트 ,전세,중흥S-클래스더퍼스트 113동,10층,33,남서향,35000
2024-04-06 22:07:57,772 [    INFO] 5 realFloor/totalFloor 17 , 29
2024-04-06 22:07:57,777 [    INFO] 6 Gpyung/Jpyung 33 , 25
2024-04-06 22:07:57,784 [    INFO] pasprice     1 3억5,000 , 3
2024-04-06 22:07:57,784 [    INFO]  6 , JEONSAE--------- atp_nm j_Or_m , dong, realFloor  ,Gpyung ,way,MJprice: 방서동 중흥S-클래스더퍼스트 ,전세,중흥S-클래스더퍼스트 116동,17층,33,남서향,35000
2024-04-06 22:07:57,883 [    INFO] 5 realFloor/totalFloor 12 , 27
2024-04-06 22:07:57,888 [    INFO] 6 Gpyung/Jpyung 33 , 25
2024-04-06 22:07:57,894 [    INFO] pasprice     1 3억5,000 , 3
2024-04-06 22:07:57,894 [    INFO]  7 , JEONSAE--------- atp_nm j_Or_m , dong, realFloor  ,Gpyung ,way,MJprice: 방서동 중흥S-클래스더퍼스트 ,전세,중흥S-클래스더퍼스트 120동,12층,33,남서향,35000
2024-04-06 22:07:57,987 [    INFO] 4 realFloor/totalFloor 3 , 28
2024-04-06 22:07:57,993 [    INFO] 6 Gpyung/Jpyung 33 , 25
2024-04-06 22:07:57,999 [    INFO] pasprice     2 3억500 , 5
2024-04-06 22:07:58,000 [    INFO] pasprice     5 30500  
2024-04-06 22:07:58,000 [    INFO]  8 , JEONSAE--------- atp_nm j_Or_m , dong, realFloor  ,Gpyung ,way,MJprice: 방서동 중흥S-클래스더퍼스트 ,전세,중흥S-클래스더퍼스트 122동,3층,33,남서향,30500
2024-04-06 22:07:58,085 [    INFO] 4 realFloor/totalFloor 4 , 27
2024-04-06 22:07:58,091 [    INFO] 6 Gpyung/Jpyung 33 , 25
2024-04-06 22:07:58,097 [    INFO] pasprice     1 3억1,000 , 3
2024-04-06 22:07:58,097 [    INFO]  9 , JEONSAE--------- atp_nm j_Or_m , dong, realFloor  ,Gpyung ,way,MJprice: 방서동 중흥S-클래스더퍼스트 ,전세,중흥S-클래스더퍼스트 106동,4층,33,남동향,31000
2024-04-06 22:07:58,179 [    INFO] 5 realFloor/totalFloor 24 , 24
2024-04-06 22:07:58,180 [    INFO] 5 realFloor/totalFloor top , 24
2024-04-06 22:07:58,185 [    INFO] 6 Gpyung/Jpyung 33 , 25
2024-04-06 22:07:58,190 [    INFO] pasprice     1 3억2,000 , 3
2024-04-06 22:07:58,190 [    INFO]  10 , JEONSAE--------- atp_nm j_Or_m , dong, realFloor  ,Gpyung ,way,MJprice: 방서동 중흥S-클래스더퍼스트 ,전세,중흥S-클래스더퍼스트 117동,top층,33,남향,32000
2024-04-06 22:07:58,275 [    INFO] 4 realFloor/totalFloor 저 , 21
2024-04-06 22:07:58,281 [    INFO] 6 Gpyung/Jpyung 33 , 25
2024-04-06 22:07:58,286 [    INFO] pasprice     1 3억3,000 , 3
2024-04-06 22:07:58,286 [    INFO]  11 , JEONSAE--------- atp_nm j_Or_m , dong, realFloor  ,Gpyung ,way,MJprice: 방서동 중흥S-클래스더퍼스트 ,전세,중흥S-클래스더퍼스트 105동,저층,33,남향,33000
2024-04-06 22:08:00,316 [    INFO] 3.0 JEONSAE 여기로 오면 에러 또는 완료
2024-04-06 22:08:02,616 [    INFO] -------------------------------검색 OK 2, 방서동 청주센트럴자이
2024-04-06 22:08:03,739 [    INFO] 5 realFloor/totalFloor 27 , 29
2024-04-06 22:08:03,746 [    INFO] 6 Gpyung/Jpyung 33 , 25
2024-04-06 22:08:03,752 [    INFO] pasprice     1 3억5,000 , 3
2024-04-06 22:08:03,752 [    INFO]  1 , JEONSAE--------- atp_nm j_Or_m , dong, realFloor  ,Gpyung ,way,MJprice: 방서동 청주센트럴자이 ,전세,청주센트럴자이 101동,27층,33,남서향,35000
2024-04-06 22:08:03,836 [    INFO] 4 realFloor/totalFloor 3 , 29
2024-04-06 22:08:03,841 [    INFO] 6 Gpyung/Jpyung 33 , 25
2024-04-06 22:08:03,848 [    INFO] pasprice     1 3억6,000 , 3
2024-04-06 22:08:03,849 [    INFO]  2 , JEONSAE--------- atp_nm j_Or_m , dong, realFloor  ,Gpyung ,way,MJprice: 방서동 청주센트럴자이 ,전세,청주센트럴자이 107동,3층,33,남서향,36000
2024-04-06 22:08:03,937 [    INFO] 5 realFloor/totalFloor 18 , 29
2024-04-06 22:08:03,942 [    INFO] 6 Gpyung/Jpyung 33 , 25
2024-04-06 22:08:03,949 [    INFO] pasprice     1 3억7,000 , 3
2024-04-06 22:08:03,950 [    INFO]  3 , JEONSAE--------- atp_nm j_Or_m , dong, realFloor  ,Gpyung ,way,MJprice: 방서동 청주센트럴자이 ,전세,청주센트럴자이 108동,18층,33,남동향,37000
2024-04-06 22:08:04,046 [    INFO] 5 realFloor/totalFloor 17 , 29
2024-04-06 22:08:04,052 [    INFO] 6 Gpyung/Jpyung 33 , 25
2024-04-06 22:08:04,057 [    INFO] pasprice     1 3억7,000 , 3
2024-04-06 22:08:04,057 [    INFO]  4 , JEONSAE--------- atp_nm j_Or_m , dong, realFloor  ,Gpyung ,way,MJprice: 방서동 청주센트럴자이 ,전세,청주센트럴자이 102동,17층,33,남서향,37000
2024-04-06 22:08:04,139 [    INFO] 4 realFloor/totalFloor 7 , 25
2024-04-06 22:08:04,153 [    INFO] 6 Gpyung/Jpyung 33 , 25
2024-04-06 22:08:04,169 [    INFO] pasprice     1 3억8,000 , 3
2024-04-06 22:08:04,170 [    INFO]  5 , JEONSAE--------- atp_nm j_Or_m , dong, realFloor  ,Gpyung ,way,MJprice: 방서동 청주센트럴자이 ,전세,청주센트럴자이 116동,7층,33,남동향,38000
2024-04-06 22:08:04,315 [    INFO] 4 realFloor/totalFloor 5 , 22
2024-04-06 22:08:04,322 [    INFO] 6 Gpyung/Jpyung 33 , 25
2024-04-06 22:08:04,331 [    INFO] pasprice     2 4억 , 2
2024-04-06 22:08:04,331 [    INFO] pasprice     3 40000  
2024-04-06 22:08:04,332 [    INFO]  6 , JEONSAE--------- atp_nm j_Or_m , dong, realFloor  ,Gpyung ,way,MJprice: 방서동 청주센트럴자이 ,전세,청주센트럴자이 113동,5층,33,남서향,40000
2024-04-06 22:08:04,408 [    INFO] 4 realFloor/totalFloor 3 , 29
2024-04-06 22:08:04,415 [    INFO] 6 Gpyung/Jpyung 33 , 25
2024-04-06 22:08:04,420 [    INFO] pasprice     1 3억6,000 , 3
2024-04-06 22:08:04,420 [    INFO]  7 , JEONSAE--------- atp_nm j_Or_m , dong, realFloor  ,Gpyung ,way,MJprice: 방서동 청주센트럴자이 ,전세,청주센트럴자이 107동,3층,33,남서향,36000
2024-04-06 22:08:04,502 [    INFO] 5 realFloor/totalFloor 18 , 29
2024-04-06 22:08:04,508 [    INFO] 6 Gpyung/Jpyung 33 , 25
2024-04-06 22:08:04,514 [    INFO] pasprice     1 3억7,000 , 3
2024-04-06 22:08:04,515 [    INFO]  8 , JEONSAE--------- atp_nm j_Or_m , dong, realFloor  ,Gpyung ,way,MJprice: 방서동 청주센트럴자이 ,전세,청주센트럴자이 108동,18층,33,남동향,37000
2024-04-06 22:08:06,546 [    INFO] 3.0 JEONSAE 여기로 오면 에러 또는 완료
2024-04-06 22:08:35,230 [    INFO] -------------------------------검색 OK 1, 방서동 중흥S-클래스더퍼스트
2024-04-06 22:08:36,376 [    INFO] 4 realFloor/totalFloor 3 , 28
2024-04-06 22:08:36,384 [    INFO] 6 Gpyung/Jpyung 33 , 25
2024-04-06 22:08:36,390 [    INFO] pasprice     2 3억500 , 5
2024-04-06 22:08:36,390 [    INFO] pasprice     5 30500  
2024-04-06 22:08:36,391 [    INFO]  1 , 최저전세입력--------- atp_nm j_Or_m , realFloor  ,Gpyung ,way,MJprice: 방서동 중흥S-클래스더퍼스트 ,전세,3,33,남서향,30500
2024-04-06 22:08:36,506 [    INFO] 3.0 여기로 오면 에러 또는 완료
2024-04-06 22:08:38,814 [    INFO] -------------------------------검색 OK 2, 방서동 청주센트럴자이
2024-04-06 22:08:39,976 [    INFO] 5 realFloor/totalFloor 27 , 29
2024-04-06 22:08:39,985 [    INFO] 6 Gpyung/Jpyung 33 , 25
2024-04-06 22:08:39,991 [    INFO] pasprice     1 3억5,000 , 3
2024-04-06 22:08:39,991 [    INFO]  1 , 기준전세입력--------- atp_nm j_Or_m , realFloor  ,Gpyung ,way,MJprice: 방서동 청주센트럴자이 ,전세,27,33,남서향,35000
2024-04-06 22:08:40,095 [    INFO] 3.0 여기로 오면 에러 또는 완료
2024-04-06 22:08:42,868 [    INFO] -------------------------------검색 OK 3, 방서동 청주하트리움리버파크
2024-04-06 22:08:44,058 [    INFO] 3.0 여기로 오면 에러 또는 완료
2024-04-06 22:08:46,341 [    INFO] -------------------------------검색 OK 4, 방서동 호반써밋브룩사이드
2024-04-06 22:08:47,441 [    INFO] 5 realFloor/totalFloor 13 , 23
2024-04-06 22:08:47,450 [    INFO] 6 Gpyung/Jpyung 33 , 25
2024-04-06 22:08:47,455 [    INFO] pasprice     1 3억7,000 , 3
2024-04-06 22:08:47,455 [    INFO]  1 , 기준전세입력--------- atp_nm j_Or_m , realFloor  ,Gpyung ,way,MJprice: 방서동 호반써밋브룩사이드 ,전세,13,33,남향,37000
2024-04-06 22:10:05,606 [    INFO] -------------------------------검색 OK 1, 방서동 중흥S-클래스더퍼스트
2024-04-06 22:10:06,760 [    INFO] 4 realFloor/totalFloor 3 , 28
2024-04-06 22:10:06,785 [    INFO] 6 Gpyung/Jpyung 33 , 25
2024-04-06 22:10:06,790 [    INFO] pasprice     2 3억500 , 5
2024-04-06 22:10:06,791 [    INFO] pasprice     5 30500  
2024-04-06 22:10:06,791 [    INFO]  1 , 최저전세입력--------- atp_nm j_Or_m , realFloor  ,Gpyung ,way,MJprice: 방서동 중흥S-클래스더퍼스트 ,전세,3,33,남서향,30500
2024-04-06 22:10:06,906 [    INFO] 3.0 여기로 오면 에러 또는 완료
2024-04-06 22:10:09,231 [    INFO] -------------------------------검색 OK 2, 방서동 청주센트럴자이
2024-04-06 22:10:10,391 [    INFO] 5 realFloor/totalFloor 27 , 29
2024-04-06 22:10:10,400 [    INFO] 6 Gpyung/Jpyung 33 , 25
2024-04-06 22:10:10,406 [    INFO] pasprice     1 3억5,000 , 3
2024-04-06 22:10:10,407 [    INFO]  1 , 기준전세입력--------- atp_nm j_Or_m , realFloor  ,Gpyung ,way,MJprice: 방서동 청주센트럴자이 ,전세,27,33,남서향,35000
2024-04-06 22:10:10,910 [    INFO] 4 realFloor/totalFloor 4 , 29
2024-04-06 22:10:10,918 [    INFO] 6 Gpyung/Jpyung 33 , 25
2024-04-06 22:10:10,924 [    INFO] pasprice     1 4억4,000 , 3
2024-04-06 22:10:10,924 [    INFO]  7 , 전세입력후 매매입력--------- atp_nm j_Or_m , realFloor  ,Gpyung ,way,MJprice: 방서동 청주센트럴자이 ,매매,4,33,남동향,44000
2024-04-06 22:10:13,210 [    INFO] -------------------------------검색 OK 3, 방서동 청주하트리움리버파크
2024-04-06 22:10:14,372 [    INFO] 5 realFloor/totalFloor 21 , 26
2024-04-06 22:10:14,402 [    INFO] 3.0 여기로 오면 에러 또는 완료
2024-04-06 22:10:16,167 [    INFO] -------------------------------검색 OK 4, 방서동 호반써밋브룩사이드
2024-04-06 22:10:17,264 [    INFO] 5 realFloor/totalFloor 13 , 23
2024-04-06 22:10:17,270 [    INFO] 6 Gpyung/Jpyung 33 , 25
2024-04-06 22:10:17,275 [    INFO] pasprice     1 3억7,000 , 3
2024-04-06 22:10:17,275 [    INFO]  1 , 기준전세입력--------- atp_nm j_Or_m , realFloor  ,Gpyung ,way,MJprice: 방서동 호반써밋브룩사이드 ,전세,13,33,남향,37000
2024-04-06 22:10:19,304 [    INFO] 3.0 여기로 오면 에러 또는 완료
2024-04-06 22:10:21,561 [    INFO] -------------------------------검색 OK 5, 방서동 청주동남우미린풀하우스
2024-04-06 22:10:22,684 [    INFO] 3.0 여기로 오면 에러 또는 완료
2024-04-06 22:10:24,949 [    INFO] -------------------------------검색 OK 6, 용암동 청주동남파라곤
2024-04-06 22:10:26,057 [    INFO] 5 realFloor/totalFloor 13 , 25
2024-04-06 22:10:26,063 [    INFO] 6 Gpyung/Jpyung 33 , 25
2024-04-06 22:10:26,068 [    INFO] pasprice     1 3억2,000 , 3
2024-04-06 22:10:26,069 [    INFO]  1 , 기준전세입력--------- atp_nm j_Or_m , realFloor  ,Gpyung ,way,MJprice: 용암동 청주동남파라곤 ,전세,13,33,남향,32000
2024-04-06 22:10:26,226 [    INFO] 4 realFloor/totalFloor 1 , 25
2024-04-06 22:10:26,233 [    INFO] 6 Gpyung/Jpyung 33 , 25
2024-04-06 22:10:26,238 [    INFO] pasprice     1 4억4,000 , 3
2024-04-06 22:10:26,239 [    INFO]  4 , 전세입력후 매매입력--------- atp_nm j_Or_m , realFloor  ,Gpyung ,way,MJprice: 용암동 청주동남파라곤 ,매매,1,33,남향,44000
2024-04-06 22:13:38,684 [    INFO] -------------------------------검색 OK 1, 방서동 중흥S-클래스더퍼스트
2024-04-06 22:13:39,845 [    INFO] 4 realFloor/totalFloor 3 , 28
2024-04-06 22:13:39,853 [    INFO] 6 Gpyung/Jpyung 33 , 25
2024-04-06 22:13:39,858 [    INFO] pasprice     2 3억500 , 5
2024-04-06 22:13:39,858 [    INFO] pasprice     5 30500  
2024-04-06 22:13:39,859 [    INFO]  1 , 최저전세입력--------- atp_nm j_Or_m , realFloor  ,Gpyung ,way,MJprice: 방서동 중흥S-클래스더퍼스트 ,전세,3,33,남서향,30500
2024-04-06 22:13:40,387 [    INFO] 4 realFloor/totalFloor 3 , 29
2024-04-06 22:13:40,393 [    INFO] 6 Gpyung/Jpyung 33 , 25
2024-04-06 22:13:40,400 [    INFO] pasprice     1 3억8,300 , 3
2024-04-06 22:13:40,401 [    INFO]  8 , 전세입력후 매매입력--------- atp_nm j_Or_m , realFloor  ,Gpyung ,way,MJprice: 방서동 중흥S-클래스더퍼스트 ,매매,3,33,남동향,38300
2024-04-06 22:13:42,734 [    INFO] -------------------------------검색 OK 2, 방서동 청주센트럴자이
2024-04-06 22:13:43,912 [    INFO] 5 realFloor/totalFloor 27 , 29
2024-04-06 22:13:43,920 [    INFO] 6 Gpyung/Jpyung 33 , 25
2024-04-06 22:13:43,926 [    INFO] pasprice     1 3억5,000 , 3
2024-04-06 22:13:43,926 [    INFO]  1 , 기준전세입력--------- atp_nm j_Or_m , realFloor  ,Gpyung ,way,MJprice: 방서동 청주센트럴자이 ,전세,27,33,남서향,35000
2024-04-06 22:13:44,314 [    INFO] 4 realFloor/totalFloor 4 , 29
2024-04-06 22:13:44,319 [    INFO] 6 Gpyung/Jpyung 33 , 25
2024-04-06 22:13:44,324 [    INFO] pasprice     1 4억4,000 , 3
2024-04-06 22:13:44,324 [    INFO]  7 , 전세입력후 매매입력--------- atp_nm j_Or_m , realFloor  ,Gpyung ,way,MJprice: 방서동 청주센트럴자이 ,매매,4,33,남동향,44000
2024-04-06 22:13:46,090 [    INFO] -------------------------------검색 OK 3, 방서동 청주하트리움리버파크
2024-04-06 22:13:47,235 [    INFO] 3.0 여기로 오면 에러 또는 완료
2024-04-06 22:13:49,013 [    INFO] -------------------------------검색 OK 4, 방서동 호반써밋브룩사이드
2024-04-06 22:13:50,111 [    INFO] 5 realFloor/totalFloor 13 , 23
2024-04-06 22:13:50,117 [    INFO] 6 Gpyung/Jpyung 33 , 25
2024-04-06 22:13:50,122 [    INFO] pasprice     1 3억7,000 , 3
2024-04-06 22:13:50,123 [    INFO]  1 , 기준전세입력--------- atp_nm j_Or_m , realFloor  ,Gpyung ,way,MJprice: 방서동 호반써밋브룩사이드 ,전세,13,33,남향,37000
2024-04-06 22:13:52,151 [    INFO] 3.0 여기로 오면 에러 또는 완료
2024-04-06 22:13:54,905 [    INFO] -------------------------------검색 OK 5, 방서동 청주동남우미린풀하우스
2024-04-06 22:13:56,048 [    INFO] 3.0 여기로 오면 에러 또는 완료
2024-04-06 22:13:57,794 [    INFO] -------------------------------검색 OK 6, 용암동 청주동남파라곤
2024-04-06 22:13:58,925 [    INFO] 5 realFloor/totalFloor 13 , 25
2024-04-06 22:13:58,932 [    INFO] 6 Gpyung/Jpyung 33 , 25
2024-04-06 22:13:58,937 [    INFO] pasprice     1 3억2,000 , 3
2024-04-06 22:13:58,937 [    INFO]  1 , 기준전세입력--------- atp_nm j_Or_m , realFloor  ,Gpyung ,way,MJprice: 용암동 청주동남파라곤 ,전세,13,33,남향,32000
2024-04-06 22:13:59,093 [    INFO] 4 realFloor/totalFloor 1 , 25
2024-04-06 22:13:59,100 [    INFO] 6 Gpyung/Jpyung 33 , 25
2024-04-06 22:13:59,107 [    INFO] pasprice     1 4억4,000 , 3
2024-04-06 22:13:59,108 [    INFO]  4 , 전세입력후 매매입력--------- atp_nm j_Or_m , realFloor  ,Gpyung ,way,MJprice: 용암동 청주동남파라곤 ,매매,1,33,남향,44000
2024-04-06 22:14:00,900 [    INFO] -------------------------------검색 OK 7, 용암동 칸타빌더테라스2단지
2024-04-06 22:14:02,024 [    INFO] 3.0 여기로 오면 에러 또는 완료
2024-04-06 22:14:04,310 [    INFO] -------------------------------검색 OK 8, 용암동 칸타빌더테라스1단지
2024-04-06 22:14:05,418 [    INFO] 5 realFloor/totalFloor 10 , 24
2024-04-06 22:14:05,423 [    INFO] 6 Gpyung/Jpyung 33 , 25
2024-04-06 22:14:05,431 [    INFO] pasprice     2 4억 , 2
2024-04-06 22:14:05,432 [    INFO] pasprice     3 40000  
2024-04-06 22:14:05,432 [    INFO]  1 , 기준전세입력--------- atp_nm j_Or_m , realFloor  ,Gpyung ,way,MJprice: 용암동 칸타빌더테라스1단지 ,전세,10,33,남동향,40000
2024-04-06 22:14:05,524 [    INFO] 4 realFloor/totalFloor 저 , 25
2024-04-06 22:14:05,531 [    INFO] 6 Gpyung/Jpyung 33 , 25
2024-04-06 22:14:05,537 [    INFO] pasprice     1 4억8,000 , 3
2024-04-06 22:14:05,537 [    INFO]  2 , 전세입력후 매매입력--------- atp_nm j_Or_m , realFloor  ,Gpyung ,way,MJprice: 용암동 칸타빌더테라스1단지 ,매매,저,33,남동향,48000
2024-04-06 22:14:07,356 [    INFO] -------------------------------검색 OK 9, 용암동 시티프라디움2단지
2024-04-06 22:14:08,467 [    INFO] 4 realFloor/totalFloor 저 , 25
2024-04-06 22:14:08,473 [    INFO] 6 Gpyung/Jpyung 32 , 25
2024-04-06 22:14:08,494 [    INFO] pasprice     1 3억3,000 , 3
2024-04-06 22:14:08,503 [    INFO]  1 , 최저전세입력--------- atp_nm j_Or_m , realFloor  ,Gpyung ,way,MJprice: 용암동 시티프라디움2단지 ,전세,저,32,남서향,33000
2024-04-06 22:14:09,114 [    INFO] 4 realFloor/totalFloor 3 , 25
2024-04-06 22:14:09,119 [    INFO] 7 Gpyung/Jpyung 32 , 25
2024-04-06 22:14:09,124 [    INFO] pasprice     1 4억2,000 , 3
2024-04-06 22:14:09,125 [    INFO]  9 , 전세입력후 매매입력--------- atp_nm j_Or_m , realFloor  ,Gpyung ,way,MJprice: 용암동 시티프라디움2단지 ,매매,3,32,남서향,42000
2024-04-06 22:14:11,461 [    INFO] -------------------------------검색 OK 10, 용암동 시티프라디움1단지
2024-04-06 22:14:35,671 [    INFO] -------------------------------검색 OK 1, 방서동 중흥S-클래스더퍼스트
2024-04-06 22:14:36,827 [    INFO] 4 realFloor/totalFloor 3 , 28
2024-04-06 22:14:36,837 [    INFO] 6 Gpyung/Jpyung 33 , 25
2024-04-06 22:14:36,842 [    INFO] pasprice     2 3억500 , 5
2024-04-06 22:14:36,843 [    INFO] pasprice     5 30500  
2024-04-06 22:14:36,843 [    INFO]  1 , 최저전세입력--------- atp_nm j_Or_m , realFloor  ,Gpyung ,way,MJprice: 방서동 중흥S-클래스더퍼스트 ,전세,3,33,남서향,30500
2024-04-06 22:14:37,351 [    INFO] 4 realFloor/totalFloor 3 , 29
2024-04-06 22:14:37,357 [    INFO] 6 Gpyung/Jpyung 33 , 25
2024-04-06 22:14:37,364 [    INFO] pasprice     1 3억8,300 , 3
2024-04-06 22:14:37,365 [    INFO]  8 , 전세입력후 매매입력--------- atp_nm j_Or_m , realFloor  ,Gpyung ,way,MJprice: 방서동 중흥S-클래스더퍼스트 ,매매,3,33,남동향,38300
2024-04-06 22:14:39,685 [    INFO] -------------------------------검색 OK 2, 방서동 청주센트럴자이
2024-04-06 22:14:40,849 [    INFO] 5 realFloor/totalFloor 27 , 29
2024-04-06 22:14:40,855 [    INFO] 6 Gpyung/Jpyung 33 , 25
2024-04-06 22:14:40,860 [    INFO] pasprice     1 3억5,000 , 3
2024-04-06 22:14:40,860 [    INFO]  1 , 기준전세입력--------- atp_nm j_Or_m , realFloor  ,Gpyung ,way,MJprice: 방서동 청주센트럴자이 ,전세,27,33,남서향,35000
2024-04-06 22:14:40,971 [    INFO] 3.0 여기로 오면 에러 또는 완료
2024-04-06 22:14:42,748 [    INFO] -------------------------------검색 OK 3, 방서동 청주하트리움리버파크
2024-04-06 22:14:43,900 [    INFO] 5 realFloor/totalFloor 21 , 26
2024-04-06 22:14:43,905 [    INFO] 6 Gpyung/Jpyung 33 , 25
2024-04-06 22:14:43,911 [    INFO] pasprice     1 3억3,000 , 3
2024-04-06 22:14:43,911 [    INFO]  1 , 기준전세입력--------- atp_nm j_Or_m , realFloor  ,Gpyung ,way,MJprice: 방서동 청주하트리움리버파크 ,전세,21,33,남동향,33000
2024-04-06 22:14:44,253 [    INFO] 4 realFloor/totalFloor 3 , 26
2024-04-06 22:14:44,259 [    INFO] 6 Gpyung/Jpyung 34 , 25
2024-04-06 22:14:44,265 [    INFO] pasprice     1 3억7,000 , 3
2024-04-06 22:14:44,335 [    INFO] 4 realFloor/totalFloor 저 , 23
2024-04-06 22:14:44,341 [    INFO] 6 Gpyung/Jpyung 34 , 25
2024-04-06 22:14:44,348 [    INFO] pasprice     1 3억8,000 , 3
2024-04-06 22:14:44,459 [    INFO] 4 realFloor/totalFloor 3 , 20
2024-04-06 22:14:44,466 [    INFO] 6 Gpyung/Jpyung 34 , 25
2024-04-06 22:14:44,471 [    INFO] pasprice     1 3억8,000 , 3
2024-04-06 22:14:44,543 [    INFO] 4 realFloor/totalFloor 고 , 21
2024-04-06 22:14:44,551 [    INFO] 6 Gpyung/Jpyung 34 , 25
2024-04-06 22:14:44,556 [    INFO] pasprice     1 3억9,000 , 3
2024-04-06 22:14:44,638 [    INFO] 4 realFloor/totalFloor 6 , 20
2024-04-06 22:14:44,644 [    INFO] 6 Gpyung/Jpyung 33 , 25
2024-04-06 22:14:44,652 [    INFO] pasprice     1 3억9,800 , 3
2024-04-06 22:14:44,652 [    INFO]  11 , 전세입력후 매매입력--------- atp_nm j_Or_m , realFloor  ,Gpyung ,way,MJprice: 방서동 청주하트리움리버파크 ,매매,6,33,남서향,39800
2024-04-06 22:14:46,431 [    INFO] -------------------------------검색 OK 4, 방서동 호반써밋브룩사이드
2024-04-06 22:14:47,533 [    INFO] 5 realFloor/totalFloor 13 , 23
2024-04-06 22:14:47,540 [    INFO] 6 Gpyung/Jpyung 33 , 25
2024-04-06 22:14:47,550 [    INFO] pasprice     1 3억7,000 , 3
2024-04-06 22:14:47,551 [    INFO]  1 , 기준전세입력--------- atp_nm j_Or_m , realFloor  ,Gpyung ,way,MJprice: 방서동 호반써밋브룩사이드 ,전세,13,33,남향,37000
2024-04-06 22:14:49,579 [    INFO] 3.0 여기로 오면 에러 또는 완료
2024-04-06 22:14:52,339 [    INFO] -------------------------------검색 OK 5, 방서동 청주동남우미린풀하우스
2024-04-06 22:14:53,487 [    INFO] 4 realFloor/totalFloor 2 , 25
2024-04-06 22:14:53,492 [    INFO] 6 Gpyung/Jpyung 33 , 25
2024-04-06 22:14:53,499 [    INFO] pasprice     1 3억5,000 , 3
2024-04-06 22:14:53,499 [    INFO]  1 , 최저전세입력--------- atp_nm j_Or_m , realFloor  ,Gpyung ,way,MJprice: 방서동 청주동남우미린풀하우스 ,전세,2,33,남서향,35000
2024-04-06 22:14:53,618 [    INFO] 4 realFloor/totalFloor 2 , 25
2024-04-06 22:14:53,623 [    INFO] 6 Gpyung/Jpyung 33 , 25
2024-04-06 22:14:53,632 [    INFO] pasprice     1 4억3,000 , 3
2024-04-06 22:14:53,632 [    INFO]  3 , 전세입력후 매매입력--------- atp_nm j_Or_m , realFloor  ,Gpyung ,way,MJprice: 방서동 청주동남우미린풀하우스 ,매매,2,33,남서향,43000
